Determining if the pthread_create exist failed with the following output:
Change Dir: /home/robot/catkin_ws/build/test_mavros/CMakeFiles/CMakeTmp

Run Build Command:/usr/bin/make "cmTryCompileExec794766029/fast"
/usr/bin/make -f CMakeFiles/cmTryCompileExec794766029.dir/build.make CMakeFiles/cmTryCompileExec794766029.dir/build
make[1]: Entering directory `/home/robot/catkin_ws/build/test_mavros/CMakeFiles/CMakeTmp'
/usr/bin/cmake -E cmake_progress_report /home/robot/catkin_ws/build/test_mavros/CMakeFiles/CMakeTmp/CMakeFiles 1
Building C object CMakeFiles/cmTryCompileExec794766029.dir/CheckSymbolExists.c.o
/usr/bin/cc    -o CMakeFiles/cmTryCompileExec794766029.dir/CheckSymbolExists.c.o   -c /home/robot/catkin_ws/build/test_mavros/CMakeFiles/CMakeTmp/CheckSymbolExists.c
Linking C executable cmTryCompileExec794766029
/usr/bin/cmake -E cmake_link_script CMakeFiles/cmTryCompileExec794766029.dir/link.txt --verbose=1
/usr/bin/cc       CMakeFiles/cmTryCompileExec794766029.dir/CheckSymbolExists.c.o  -o cmTryCompileExec794766029 -rdynamic 
CMakeFiles/cmTryCompileExec794766029.dir/CheckSymbolExists.c.o: In function `main':
CheckSymbolExists.c:(.text+0x16): undefined reference to `pthread_create'
collect2: error: ld returned 1 exit status
make[1]: Leaving directory `/home/robot/catkin_ws/build/test_mavros/CMakeFiles/CMakeTmp'
make[1]: *** [cmTryCompileExec794766029] Error 1
make: *** [cmTryCompileExec794766029/fast] Error 2

File /home/robot/catkin_ws/build/test_mavros/CMakeFiles/CMakeTmp/CheckSymbolExists.c:
/* */
#include <pthread.h>

int main(int argc, char** argv)
{
  (void)argv;
#ifndef pthread_create
  return ((int*)(&pthread_create))[argc];
#else
  (void)argc;
  return 0;
#endif
}

Determining if the function pthread_create exists in the pthreads failed with the following output:
Change Dir: /home/robot/catkin_ws/build/test_mavros/CMakeFiles/CMakeTmp

Run Build Command:/usr/bin/make "cmTryCompileExec623990108/fast"
/usr/bin/make -f CMakeFiles/cmTryCompileExec623990108.dir/build.make CMakeFiles/cmTryCompileExec623990108.dir/build
make[1]: Entering directory `/home/robot/catkin_ws/build/test_mavros/CMakeFiles/CMakeTmp'
/usr/bin/cmake -E cmake_progress_report /home/robot/catkin_ws/build/test_mavros/CMakeFiles/CMakeTmp/CMakeFiles 1
Building C object CMakeFiles/cmTryCompileExec623990108.dir/CheckFunctionExists.c.o
/usr/bin/cc   -DCHECK_FUNCTION_EXISTS=pthread_create   -o CMakeFiles/cmTryCompileExec623990108.dir/CheckFunctionExists.c.o   -c /usr/share/cmake-2.8/Modules/CheckFunctionExists.c
Linking C executable cmTryCompileExec623990108
/usr/bin/cmake -E cmake_link_script CMakeFiles/cmTryCompileExec623990108.dir/link.txt --verbose=1
/usr/bin/cc   -DCHECK_FUNCTION_EXISTS=pthread_create    CMakeFiles/cmTryCompileExec623990108.dir/CheckFunctionExists.c.o  -o cmTryCompileExec623990108 -rdynamic -lpthreads 
/usr/bin/ld: cannot find -lpthreads
collect2: error: ld returned 1 exit status
make[1]: Leaving directory `/home/robot/catkin_ws/build/test_mavros/CMakeFiles/CMakeTmp'
make[1]: *** [cmTryCompileExec623990108] Error 1
make: *** [cmTryCompileExec623990108/fast] Error 2


