Determining if the pthread_create exist failed with the following output:
Change Dir: /home/robot/catkin_ws/build/mavros/CMakeFiles/CMakeTmp

Run Build Command:/usr/bin/make "cmTryCompileExec3626322827/fast"
/usr/bin/make -f CMakeFiles/cmTryCompileExec3626322827.dir/build.make CMakeFiles/cmTryCompileExec3626322827.dir/build
make[1]: Entering directory `/home/robot/catkin_ws/build/mavros/CMakeFiles/CMakeTmp'
/usr/bin/cmake -E cmake_progress_report /home/robot/catkin_ws/build/mavros/CMakeFiles/CMakeTmp/CMakeFiles 1
Building C object CMakeFiles/cmTryCompileExec3626322827.dir/CheckSymbolExists.c.o
/usr/bin/cc    -o CMakeFiles/cmTryCompileExec3626322827.dir/CheckSymbolExists.c.o   -c /home/robot/catkin_ws/build/mavros/CMakeFiles/CMakeTmp/CheckSymbolExists.c
Linking C executable cmTryCompileExec3626322827
/usr/bin/cmake -E cmake_link_script CMakeFiles/cmTryCompileExec3626322827.dir/link.txt --verbose=1
/usr/bin/cc       CMakeFiles/cmTryCompileExec3626322827.dir/CheckSymbolExists.c.o  -o cmTryCompileExec3626322827 -rdynamic 
CMakeFiles/cmTryCompileExec3626322827.dir/CheckSymbolExists.c.o: In function `main':
CheckSymbolExists.c:(.text+0x16): undefined reference to `pthread_create'
collect2: error: ld returned 1 exit status
make[1]: Leaving directory `/home/robot/catkin_ws/build/mavros/CMakeFiles/CMakeTmp'
make[1]: *** [cmTryCompileExec3626322827] Error 1
make: *** [cmTryCompileExec3626322827/fast] Error 2

File /home/robot/catkin_ws/build/mavros/CMakeFiles/CMakeTmp/CheckSymbolExists.c:
/* */
#include <pthread.h>

int main(int argc, char** argv)
{
  (void)argv;
#ifndef pthread_create
  return ((int*)(&pthread_create))[argc];
#else
  (void)argc;
  return 0;
#endif
}

Determining if the function pthread_create exists in the pthreads failed with the following output:
Change Dir: /home/robot/catkin_ws/build/mavros/CMakeFiles/CMakeTmp

Run Build Command:/usr/bin/make "cmTryCompileExec2777869385/fast"
/usr/bin/make -f CMakeFiles/cmTryCompileExec2777869385.dir/build.make CMakeFiles/cmTryCompileExec2777869385.dir/build
make[1]: Entering directory `/home/robot/catkin_ws/build/mavros/CMakeFiles/CMakeTmp'
/usr/bin/cmake -E cmake_progress_report /home/robot/catkin_ws/build/mavros/CMakeFiles/CMakeTmp/CMakeFiles 1
Building C object CMakeFiles/cmTryCompileExec2777869385.dir/CheckFunctionExists.c.o
/usr/bin/cc   -DCHECK_FUNCTION_EXISTS=pthread_create   -o CMakeFiles/cmTryCompileExec2777869385.dir/CheckFunctionExists.c.o   -c /usr/share/cmake-2.8/Modules/CheckFunctionExists.c
Linking C executable cmTryCompileExec2777869385
/usr/bin/cmake -E cmake_link_script CMakeFiles/cmTryCompileExec2777869385.dir/link.txt --verbose=1
/usr/bin/cc   -DCHECK_FUNCTION_EXISTS=pthread_create    CMakeFiles/cmTryCompileExec2777869385.dir/CheckFunctionExists.c.o  -o cmTryCompileExec2777869385 -rdynamic -lpthreads 
/usr/bin/ld: cannot find -lpthreads
collect2: error: ld returned 1 exit status
make[1]: Leaving directory `/home/robot/catkin_ws/build/mavros/CMakeFiles/CMakeTmp'
make[1]: *** [cmTryCompileExec2777869385] Error 1
make: *** [cmTryCompileExec2777869385/fast] Error 2


