Determining if the pthread_create exist failed with the following output:
Change Dir: /home/robot/catkin_ws/build/libmavconn/CMakeFiles/CMakeTmp

Run Build Command:/usr/bin/make "cmTryCompileExec1566590059/fast"
/usr/bin/make -f CMakeFiles/cmTryCompileExec1566590059.dir/build.make CMakeFiles/cmTryCompileExec1566590059.dir/build
make[1]: Entering directory `/home/robot/catkin_ws/build/libmavconn/CMakeFiles/CMakeTmp'
/usr/bin/cmake -E cmake_progress_report /home/robot/catkin_ws/build/libmavconn/CMakeFiles/CMakeTmp/CMakeFiles 1
Building C object CMakeFiles/cmTryCompileExec1566590059.dir/CheckSymbolExists.c.o
/usr/bin/cc    -o CMakeFiles/cmTryCompileExec1566590059.dir/CheckSymbolExists.c.o   -c /home/robot/catkin_ws/build/libmavconn/CMakeFiles/CMakeTmp/CheckSymbolExists.c
Linking C executable cmTryCompileExec1566590059
/usr/bin/cmake -E cmake_link_script CMakeFiles/cmTryCompileExec1566590059.dir/link.txt --verbose=1
/usr/bin/cc       CMakeFiles/cmTryCompileExec1566590059.dir/CheckSymbolExists.c.o  -o cmTryCompileExec1566590059 -rdynamic 
CMakeFiles/cmTryCompileExec1566590059.dir/CheckSymbolExists.c.o: In function `main':
CheckSymbolExists.c:(.text+0x16): undefined reference to `pthread_create'
collect2: error: ld returned 1 exit status
make[1]: Leaving directory `/home/robot/catkin_ws/build/libmavconn/CMakeFiles/CMakeTmp'
make[1]: *** [cmTryCompileExec1566590059] Error 1
make: *** [cmTryCompileExec1566590059/fast] Error 2

File /home/robot/catkin_ws/build/libmavconn/CMakeFiles/CMakeTmp/CheckSymbolExists.c:
/* */
#include <pthread.h>

int main(int argc, char** argv)
{
  (void)argv;
#ifndef pthread_create
  return ((int*)(&pthread_create))[argc];
#else
  (void)argc;
  return 0;
#endif
}

Determining if the function pthread_create exists in the pthreads failed with the following output:
Change Dir: /home/robot/catkin_ws/build/libmavconn/CMakeFiles/CMakeTmp

Run Build Command:/usr/bin/make "cmTryCompileExec86553789/fast"
/usr/bin/make -f CMakeFiles/cmTryCompileExec86553789.dir/build.make CMakeFiles/cmTryCompileExec86553789.dir/build
make[1]: Entering directory `/home/robot/catkin_ws/build/libmavconn/CMakeFiles/CMakeTmp'
/usr/bin/cmake -E cmake_progress_report /home/robot/catkin_ws/build/libmavconn/CMakeFiles/CMakeTmp/CMakeFiles 1
Building C object CMakeFiles/cmTryCompileExec86553789.dir/CheckFunctionExists.c.o
/usr/bin/cc   -DCHECK_FUNCTION_EXISTS=pthread_create   -o CMakeFiles/cmTryCompileExec86553789.dir/CheckFunctionExists.c.o   -c /usr/share/cmake-2.8/Modules/CheckFunctionExists.c
Linking C executable cmTryCompileExec86553789
/usr/bin/cmake -E cmake_link_script CMakeFiles/cmTryCompileExec86553789.dir/link.txt --verbose=1
/usr/bin/cc   -DCHECK_FUNCTION_EXISTS=pthread_create    CMakeFiles/cmTryCompileExec86553789.dir/CheckFunctionExists.c.o  -o cmTryCompileExec86553789 -rdynamic -lpthreads 
/usr/bin/ld: cannot find -lpthreads
collect2: error: ld returned 1 exit status
make[1]: Leaving directory `/home/robot/catkin_ws/build/libmavconn/CMakeFiles/CMakeTmp'
make[1]: *** [cmTryCompileExec86553789] Error 1
make: *** [cmTryCompileExec86553789/fast] Error 2


