Determining if the pthread_create exist failed with the following output:
Change Dir: /home/robot/catkin_ws/build/mavros_extras/CMakeFiles/CMakeTmp

Run Build Command:/usr/bin/make "cmTryCompileExec2557466340/fast"
/usr/bin/make -f CMakeFiles/cmTryCompileExec2557466340.dir/build.make CMakeFiles/cmTryCompileExec2557466340.dir/build
make[1]: Entering directory `/home/robot/catkin_ws/build/mavros_extras/CMakeFiles/CMakeTmp'
/usr/bin/cmake -E cmake_progress_report /home/robot/catkin_ws/build/mavros_extras/CMakeFiles/CMakeTmp/CMakeFiles 1
Building C object CMakeFiles/cmTryCompileExec2557466340.dir/CheckSymbolExists.c.o
/usr/bin/cc    -o CMakeFiles/cmTryCompileExec2557466340.dir/CheckSymbolExists.c.o   -c /home/robot/catkin_ws/build/mavros_extras/CMakeFiles/CMakeTmp/CheckSymbolExists.c
Linking C executable cmTryCompileExec2557466340
/usr/bin/cmake -E cmake_link_script CMakeFiles/cmTryCompileExec2557466340.dir/link.txt --verbose=1
/usr/bin/cc       CMakeFiles/cmTryCompileExec2557466340.dir/CheckSymbolExists.c.o  -o cmTryCompileExec2557466340 -rdynamic 
CMakeFiles/cmTryCompileExec2557466340.dir/CheckSymbolExists.c.o: In function `main':
CheckSymbolExists.c:(.text+0x16): undefined reference to `pthread_create'
collect2: error: ld returned 1 exit status
make[1]: Leaving directory `/home/robot/catkin_ws/build/mavros_extras/CMakeFiles/CMakeTmp'
make[1]: *** [cmTryCompileExec2557466340] Error 1
make: *** [cmTryCompileExec2557466340/fast] Error 2

File /home/robot/catkin_ws/build/mavros_extras/CMakeFiles/CMakeTmp/CheckSymbolExists.c:
/* */
#include <pthread.h>

int main(int argc, char** argv)
{
  (void)argv;
#ifndef pthread_create
  return ((int*)(&pthread_create))[argc];
#else
  (void)argc;
  return 0;
#endif
}

Determining if the function pthread_create exists in the pthreads failed with the following output:
Change Dir: /home/robot/catkin_ws/build/mavros_extras/CMakeFiles/CMakeTmp

Run Build Command:/usr/bin/make "cmTryCompileExec3077480743/fast"
/usr/bin/make -f CMakeFiles/cmTryCompileExec3077480743.dir/build.make CMakeFiles/cmTryCompileExec3077480743.dir/build
make[1]: Entering directory `/home/robot/catkin_ws/build/mavros_extras/CMakeFiles/CMakeTmp'
/usr/bin/cmake -E cmake_progress_report /home/robot/catkin_ws/build/mavros_extras/CMakeFiles/CMakeTmp/CMakeFiles 1
Building C object CMakeFiles/cmTryCompileExec3077480743.dir/CheckFunctionExists.c.o
/usr/bin/cc   -DCHECK_FUNCTION_EXISTS=pthread_create   -o CMakeFiles/cmTryCompileExec3077480743.dir/CheckFunctionExists.c.o   -c /usr/share/cmake-2.8/Modules/CheckFunctionExists.c
Linking C executable cmTryCompileExec3077480743
/usr/bin/cmake -E cmake_link_script CMakeFiles/cmTryCompileExec3077480743.dir/link.txt --verbose=1
/usr/bin/cc   -DCHECK_FUNCTION_EXISTS=pthread_create    CMakeFiles/cmTryCompileExec3077480743.dir/CheckFunctionExists.c.o  -o cmTryCompileExec3077480743 -rdynamic -lpthreads 
/usr/bin/ld: cannot find -lpthreads
collect2: error: ld returned 1 exit status
make[1]: *** [cmTryCompileExec3077480743] Error 1
make[1]: Leaving directory `/home/robot/catkin_ws/build/mavros_extras/CMakeFiles/CMakeTmp'
make: *** [cmTryCompileExec3077480743/fast] Error 2


